-------------------------------------------------------------------------------
Test set: com.example.firstservice.FirstserviceApplicationTests
-------------------------------------------------------------------------------
Tests run: 1, Failures: 0, Errors: 1, Skipped: 0, Time elapsed: 2.34 s <<< FAILURE! - in com.example.firstservice.FirstserviceApplicationTests
contextLoads  Time elapsed: 0.004 s  <<< ERROR!
java.lang.IllegalStateException: Failed to load ApplicationContext
Caused by: org.springframework.beans.factory.BeanCreationException: Error creating bean with name 'configDataContextRefresher' defined in class path resource [org/springframework/cloud/autoconfigure/RefreshAutoConfiguration.class]: Bean instantiation via factory method failed; nested exception is org.springframework.beans.BeanInstantiationException: Failed to instantiate [org.springframework.cloud.context.refresh.ConfigDataContextRefresher]: Factory method 'configDataContextRefresher' threw exception; nested exception is java.lang.NoClassDefFoundError: org/springframework/boot/logging/DeferredLogFactory
Caused by: org.springframework.beans.BeanInstantiationException: Failed to instantiate [org.springframework.cloud.context.refresh.ConfigDataContextRefresher]: Factory method 'configDataContextRefresher' threw exception; nested exception is java.lang.NoClassDefFoundError: org/springframework/boot/logging/DeferredLogFactory
Caused by: java.lang.NoClassDefFoundError: org/springframework/boot/logging/DeferredLogFactory
Caused by: java.lang.ClassNotFoundException: org.springframework.boot.logging.DeferredLogFactory

